<?xml version="1.0" encoding="UTF-8"?>
<!-- Generated by org.testng.reporters.JUnitXMLReporter -->
<testsuite ignored="0" hostname="LAPTOP-FO269EOH" failures="0" tests="6" name="Login Test" time="10.993" errors="0" timestamp="2022-10-13T16:03:17 IST">
  <testcase classname="Tests.Login_Test" name="verifyLoginWithInvalidCredentials" time="0.491"/>
  <testcase classname="Tests.Login_Test" name="verifyLoginWithValidCredentials" time="0.652"/>
  <testcase classname="Tests.Login_Test" name="verifyLoginWithInvalidEmail" time="0.451"/>
  <testcase classname="Tests.Login_Test" name="verifyLoginWithInvalidPassword" time="0.532"/>
  <testcase classname="Tests.Login_Test" name="verifyLoginWithWrongEmail" time="0.545"/>
  <testcase classname="Tests.Login_Test" name="verifyLoginWithWrongPassword" time="0.654"/>
</testsuite> <!-- Login Test -->
